{
  "RSpec": {
    "coverage": {
      "/Users/Audrey/ada-class/Capstone/recycling_app/app/controllers/materials_controller.rb": [
        1,
        1,
        1,
        null,
        0,
        0,
        null,
        null,
        null
      ],
      "/Users/Audrey/ada-class/Capstone/recycling_app/app/controllers/application_controller.rb": [
        1,
        null,
        null,
        1,
        null
      ],
      "/Users/Audrey/ada-class/Capstone/recycling_app/app/models/material.rb": [
        1,
        1,
        null,
        1,
        1,
        null
      ]
    },
    "timestamp": 1398290769
  }
}
